<?xml version="1.0" encoding="UTF-8"?>
<!-- Generated by org.testng.reporters.JUnitReportReporter -->
<testsuite hostname="Preet-PC" failures="0" tests="10" name="pom.pageFactory.testRunner.LinkedListTest_POM" time="19.752" errors="0" timestamp="2023-05-24T15:22:36 IST" skipped="0">
  <testcase classname="pom.pageFactory.testRunner.LinkedListTest_POM" name="OpenHomeURL" time="0.008"/>
  <system-out/>
  <testcase classname="pom.pageFactory.testRunner.LinkedListTest_POM" name="introduction" time="2.622"/>
  <system-out/>
  <testcase classname="pom.pageFactory.testRunner.LinkedListTest_POM" name="create_LinkedList" time="2.507"/>
  <system-out/>
  <testcase classname="pom.pageFactory.testRunner.LinkedListTest_POM" name="typeOfLinkedList" time="2.887"/>
  <system-out/>
  <testcase classname="pom.pageFactory.testRunner.LinkedListTest_POM" name="implementLLInPython" time="2.546"/>
  <system-out/>
  <testcase classname="pom.pageFactory.testRunner.LinkedListTest_POM" name="traversal" time="2.505"/>
  <system-out/>
  <testcase classname="pom.pageFactory.testRunner.LinkedListTest_POM" name="insertion" time="2.575"/>
  <system-out/>
  <testcase classname="pom.pageFactory.testRunner.LinkedListTest_POM" name="deletion" time="2.505"/>
  <system-out/>
  <testcase classname="pom.pageFactory.testRunner.LinkedListTest_POM" name="LinkedList_PracticeQuestionsLink" time="0.659"/>
  <system-out/>
  <testcase classname="pom.pageFactory.testRunner.LinkedListTest_POM" name="LinkedList_DropDown_LL" time="0.938"/>
  <system-out/>
</testsuite> <!-- pom.pageFactory.testRunner.LinkedListTest_POM -->
