<?xml version="1.0" encoding="UTF-8"?>
<!-- Generated by org.testng.reporters.JUnitReportReporter -->
<testsuite hostname="Divit-PC" failures="0" tests="10" name="pom.pageFactory.testRunner.LinkedListTest_POM" time="31.003" errors="0" timestamp="2023-05-19T15:48:41 IST" skipped="0">
  <testcase classname="pom.pageFactory.testRunner.LinkedListTest_POM" name="OpenHomeURL" time="0.005"/>
  <system-out/>
  <testcase classname="pom.pageFactory.testRunner.LinkedListTest_POM" name="introduction" time="2.307"/>
  <system-out/>
  <testcase classname="pom.pageFactory.testRunner.LinkedListTest_POM" name="create_LinkedList" time="2.092"/>
  <system-out/>
  <testcase classname="pom.pageFactory.testRunner.LinkedListTest_POM" name="typeOfLinkedList" time="3.923"/>
  <system-out/>
  <testcase classname="pom.pageFactory.testRunner.LinkedListTest_POM" name="implementLLInPython" time="7.742"/>
  <system-out/>
  <testcase classname="pom.pageFactory.testRunner.LinkedListTest_POM" name="traversal" time="2.138"/>
  <system-out/>
  <testcase classname="pom.pageFactory.testRunner.LinkedListTest_POM" name="deletion" time="2.288"/>
  <system-out/>
  <testcase classname="pom.pageFactory.testRunner.LinkedListTest_POM" name="insertion" time="9.134"/>
  <system-out/>
  <testcase classname="pom.pageFactory.testRunner.LinkedListTest_POM" name="LinkedList_PracticeQuestionsLink" time="0.601"/>
  <system-out/>
  <testcase classname="pom.pageFactory.testRunner.LinkedListTest_POM" name="LinkedList_DropDown_LL" time="0.773"/>
  <system-out/>
</testsuite> <!-- pom.pageFactory.testRunner.LinkedListTest_POM -->
