<?xml version="1.0" encoding="UTF-8"?>
<!-- Generated by org.testng.reporters.JUnitReportReporter -->
<testsuite hostname="Preet-PC" failures="0" tests="19" name="pom.pageFactory.testRunner.ArrayTest_POM" time="32.160" errors="0" timestamp="2023-05-29T22:26:27 IST" skipped="0">
  <testcase classname="pom.pageFactory.testRunner.ArrayTest_POM" name="OpenHomeURL" time="0.063"/>
  <system-out/>
  <testcase classname="pom.pageFactory.testRunner.ArrayTest_POM" name="LoadAppHome" time="2.417"/>
  <system-out/>
  <testcase classname="pom.pageFactory.testRunner.ArrayTest_POM" name="ClickGetStarted" time="1.540"/>
  <system-out/>
  <testcase classname="pom.pageFactory.testRunner.ArrayTest_POM" name="ClickSignInLink" time="0.618"/>
  <system-out/>
  <testcase classname="pom.pageFactory.testRunner.ArrayTest_POM" name="LoginUser" time="1.215"/>
  <system-out/>
  <testcase classname="pom.pageFactory.testRunner.ArrayTest_POM" name="ClickArrayLinkOnHomePage" time="0.957"/>
  <system-out/>
  <testcase classname="pom.pageFactory.testRunner.ArrayTest_POM" name="ArrayPage_WrongInput" time="5.646"/>
  <system-out/>
  <testcase classname="pom.pageFactory.testRunner.ArrayTest_POM" name="ArrayPage_ArraysInPython" time="0.833"/>
  <system-out/>
  <testcase classname="pom.pageFactory.testRunner.ArrayTest_POM" name="ArrayPage_ArraysUsingList" time="3.005"/>
  <system-out/>
  <testcase classname="pom.pageFactory.testRunner.ArrayTest_POM" name="ArrayPage_BasicOperations" time="2.909"/>
  <system-out/>
  <testcase classname="pom.pageFactory.testRunner.ArrayTest_POM" name="ArrayPage_ApplicationsOfArrays" time="2.813"/>
  <system-out/>
  <testcase classname="pom.pageFactory.testRunner.ArrayTest_POM" name="ArrayPage_PracticeQuestionsLink" time="0.609"/>
  <system-out/>
  <testcase classname="pom.pageFactory.testRunner.ArrayTest_POM" name="ArrayPage_PracticeQuestion1" time="1.680"/>
  <system-out/>
  <testcase classname="pom.pageFactory.testRunner.ArrayTest_POM" name="ArrayPage_PracticeQuestion2" time="1.837"/>
  <system-out/>
  <testcase classname="pom.pageFactory.testRunner.ArrayTest_POM" name="ArrayPage_PracticeQuestion3" time="1.500"/>
  <system-out/>
  <testcase classname="pom.pageFactory.testRunner.ArrayTest_POM" name="ArrayPage_PracticeQuestion4" time="1.757"/>
  <system-out/>
  <testcase classname="pom.pageFactory.testRunner.ArrayTest_POM" name="ArrayPage_DropDown_LL" time="1.535"/>
  <system-out/>
  <testcase classname="pom.pageFactory.testRunner.ArrayTest_POM" name="arrayPageSmokeTest_ClickSignOut" time="0.826"/>
  <system-out/>
  <testcase classname="pom.pageFactory.testRunner.ArrayTest_POM" name="closeDriver" time="0.400"/>
  <system-out/>
</testsuite> <!-- pom.pageFactory.testRunner.ArrayTest_POM -->
