<?xml version="1.0" encoding="UTF-8"?>
<!-- Generated by org.testng.reporters.JUnitReportReporter -->
<testsuite hostname="Divit-PC" failures="0" tests="7" name="pom.pageFactory.testRunner.QueueTest_POM" time="10.125" errors="0" timestamp="2023-05-19T15:48:41 IST" skipped="0">
  <testcase classname="pom.pageFactory.testRunner.QueueTest_POM" name="OpenHomeURL" time="0.005"/>
  <system-out/>
  <testcase classname="pom.pageFactory.testRunner.QueueTest_POM" name="clickImplementationQueue" time="2.419"/>
  <system-out/>
  <testcase classname="pom.pageFactory.testRunner.QueueTest_POM" name="clickImplementationCollections" time="2.087"/>
  <system-out/>
  <testcase classname="pom.pageFactory.testRunner.QueueTest_POM" name="clickImplementationArray" time="2.012"/>
  <system-out/>
  <testcase classname="pom.pageFactory.testRunner.QueueTest_POM" name="clickQueueOperations" time="1.902"/>
  <system-out/>
  <testcase classname="pom.pageFactory.testRunner.QueueTest_POM" name="queue_PracticeQuestionsLink" time="0.529"/>
  <system-out/>
  <testcase classname="pom.pageFactory.testRunner.QueueTest_POM" name="queue_Dropdown" time="1.171"/>
  <system-out/>
</testsuite> <!-- pom.pageFactory.testRunner.QueueTest_POM -->
