<?xml version="1.0" encoding="UTF-8"?>
<!-- Generated by org.testng.reporters.JUnitReportReporter -->
<testsuite hostname="Compatible" failures="0" tests="6" name="pom.pageFactory.testRunner.TestRunnerClass" time="144.602" errors="0" timestamp="2023-05-08T10:30:42 CDT" skipped="0">
  <testcase classname="pom.pageFactory.testRunner.TestRunnerClass" name="registerUserNegativeTest" time="12.772"/>
  <system-out/>
  <testcase classname="pom.pageFactory.testRunner.TestRunnerClass" name="registerUserPositiveTest" time="9.684"/>
  <system-out/>
  <testcase classname="pom.pageFactory.testRunner.TestRunnerClass" name="loginNegativeTest" time="9.458"/>
  <system-out/>
  <testcase classname="pom.pageFactory.testRunner.TestRunnerClass" name="userPositiveTest" time="3.387"/>
  <system-out/>
  <testcase classname="pom.pageFactory.testRunner.TestRunnerClass" name="dataStructureSmokeTest" time="22.516"/>
  <system-out/>
  <testcase classname="pom.pageFactory.testRunner.TestRunnerClass" name="arrayPageSmokeTest" time="86.785"/>
  <system-out/>
</testsuite> <!-- pom.pageFactory.testRunner.TestRunnerClass -->
