<?xml version="1.0" encoding="UTF-8"?>
<!-- Generated by org.testng.reporters.JUnitReportReporter -->
<testsuite hostname="Preet-PC" failures="0" tests="7" name="pom.pageFactory.testRunner.QueueTest_POM" time="11.746" errors="0" timestamp="2023-05-30T14:05:31 IST" skipped="0">
  <testcase classname="pom.pageFactory.testRunner.QueueTest_POM" name="OpenHomeURL" time="0.009"/>
  <system-out/>
  <testcase classname="pom.pageFactory.testRunner.QueueTest_POM" name="clickImplementationQueue" time="2.762"/>
  <system-out/>
  <testcase classname="pom.pageFactory.testRunner.QueueTest_POM" name="clickImplementationCollections" time="2.434"/>
  <system-out/>
  <testcase classname="pom.pageFactory.testRunner.QueueTest_POM" name="clickImplementationArray" time="2.287"/>
  <system-out/>
  <testcase classname="pom.pageFactory.testRunner.QueueTest_POM" name="clickQueueOperations" time="2.204"/>
  <system-out/>
  <testcase classname="pom.pageFactory.testRunner.QueueTest_POM" name="queue_PracticeQuestionsLink" time="0.675"/>
  <system-out/>
  <testcase classname="pom.pageFactory.testRunner.QueueTest_POM" name="queue_Dropdown" time="1.375"/>
  <system-out/>
</testsuite> <!-- pom.pageFactory.testRunner.QueueTest_POM -->
