<?xml version="1.0" encoding="UTF-8"?>
<!-- Generated by org.testng.reporters.JUnitReportReporter -->
<testsuite hostname="Preet-PC" failures="0" tests="7" name="pom.pageFactory.testRunner.QueueTest_POM" time="11.050" errors="0" timestamp="2023-05-24T15:22:36 IST" skipped="0">
  <testcase classname="pom.pageFactory.testRunner.QueueTest_POM" name="OpenHomeURL" time="0.010"/>
  <system-out/>
  <testcase classname="pom.pageFactory.testRunner.QueueTest_POM" name="clickImplementationQueue" time="2.497"/>
  <system-out/>
  <testcase classname="pom.pageFactory.testRunner.QueueTest_POM" name="clickImplementationCollections" time="2.223"/>
  <system-out/>
  <testcase classname="pom.pageFactory.testRunner.QueueTest_POM" name="clickImplementationArray" time="2.242"/>
  <system-out/>
  <testcase classname="pom.pageFactory.testRunner.QueueTest_POM" name="clickQueueOperations" time="2.254"/>
  <system-out/>
  <testcase classname="pom.pageFactory.testRunner.QueueTest_POM" name="queue_PracticeQuestionsLink" time="0.560"/>
  <system-out/>
  <testcase classname="pom.pageFactory.testRunner.QueueTest_POM" name="queue_Dropdown" time="1.264"/>
  <system-out/>
</testsuite> <!-- pom.pageFactory.testRunner.QueueTest_POM -->
