<?xml version="1.0" encoding="UTF-8"?>
<!-- Generated by org.testng.reporters.JUnitReportReporter -->
<testsuite hostname="Divit-PC" failures="0" tests="7" name="pom.pageFactory.testRunner.GraphTest_POM" time="13.605" errors="0" timestamp="2023-05-19T15:48:41 IST" skipped="0">
  <testcase classname="pom.pageFactory.testRunner.GraphTest_POM" name="instantiateDriver" time="0.011"/>
  <system-out/>
  <testcase classname="pom.pageFactory.testRunner.GraphTest_POM" name="click_graph_link" time="2.000"/>
  <system-out/>
  <testcase classname="pom.pageFactory.testRunner.GraphTest_POM" name="click_graphLink_wrongText" time="3.872"/>
  <system-out/>
  <testcase classname="pom.pageFactory.testRunner.GraphTest_POM" name="click_graph_representation" time="4.193"/>
  <system-out/>
  <testcase classname="pom.pageFactory.testRunner.GraphTest_POM" name="click_graph_practice_questions" time="0.528"/>
  <system-out/>
  <testcase classname="pom.pageFactory.testRunner.GraphTest_POM" name="graphPage_ClickSignOut" time="0.802"/>
  <system-out/>
  <testcase classname="pom.pageFactory.testRunner.GraphTest_POM" name="closeDriver" time="2.199"/>
  <system-out/>
</testsuite> <!-- pom.pageFactory.testRunner.GraphTest_POM -->
