<?xml version="1.0" encoding="UTF-8"?>
<!-- Generated by org.testng.reporters.JUnitReportReporter -->
<testsuite hostname="Divit-PC" failures="0" tests="7" name="pom.pageFactory.testRunner.RegistrationTest_POM" time="11.289" errors="0" timestamp="2023-05-19T15:48:41 IST" skipped="0">
  <testcase classname="pom.pageFactory.testRunner.RegistrationTest_POM" name="OpenHomeURL" time="4.308"/>
  <system-out/>
  <testcase classname="pom.pageFactory.testRunner.RegistrationTest_POM" name="LoadAppHome" time="1.840"/>
  <system-out/>
  <testcase classname="pom.pageFactory.testRunner.RegistrationTest_POM" name="ClickGetStarted" time="1.318"/>
  <system-out/>
  <testcase classname="pom.pageFactory.testRunner.RegistrationTest_POM" name="ClickRegisterLink" time="0.667"/>
  <system-out/>
  <testcase classname="pom.pageFactory.testRunner.RegistrationTest_POM" name="registerUserNegativeTest" time="1.159"/>
  <system-out/>
  <testcase classname="pom.pageFactory.testRunner.RegistrationTest_POM" name="registerUserPositiveTest" time="1.237"/>
  <system-out/>
  <testcase classname="pom.pageFactory.testRunner.RegistrationTest_POM" name="ClickSignOutLink" time="0.760"/>
  <system-out/>
</testsuite> <!-- pom.pageFactory.testRunner.RegistrationTest_POM -->
