<?xml version="1.0" encoding="UTF-8"?>
<!-- Generated by org.testng.reporters.JUnitReportReporter -->
<testsuite hostname="Harpreets-MacBook-Air.local" failures="0" tests="7" name="pom.pageFactory.testRunner.RegistrationTest_POM" time="19.738" errors="0" timestamp="2023-05-17T10:28:24 IST" skipped="0">
  <testcase classname="pom.pageFactory.testRunner.RegistrationTest_POM" name="OpenHomeURL" time="5.527"/>
  <system-out/>
  <testcase classname="pom.pageFactory.testRunner.RegistrationTest_POM" name="LoadAppHome" time="1.926"/>
  <system-out/>
  <testcase classname="pom.pageFactory.testRunner.RegistrationTest_POM" name="ClickGetStarted" time="2.181"/>
  <system-out/>
  <testcase classname="pom.pageFactory.testRunner.RegistrationTest_POM" name="ClickRegisterLink" time="1.532"/>
  <system-out/>
  <testcase classname="pom.pageFactory.testRunner.RegistrationTest_POM" name="registerUserNegativeTest" time="3.783"/>
  <system-out/>
  <testcase classname="pom.pageFactory.testRunner.RegistrationTest_POM" name="registerUserPositiveTest" time="3.124"/>
  <system-out/>
  <testcase classname="pom.pageFactory.testRunner.RegistrationTest_POM" name="ClickSignOutLink" time="1.665"/>
  <system-out/>
</testsuite> <!-- pom.pageFactory.testRunner.RegistrationTest_POM -->
