<?xml version="1.0" encoding="UTF-8"?>
<!-- Generated by org.testng.reporters.JUnitReportReporter -->
<testsuite hostname="Compatible" failures="0" tests="3" name="dsalgoproject.DataStructureTestSuite" time="3.094" errors="0" timestamp="2023-04-25T17:47:59 CDT" skipped="0">
  <testcase classname="dsalgoproject.DataStructureTestSuite" name="clickGetStarted" time="0.755"/>
  <system-out/>
  <testcase classname="dsalgoproject.DataStructureTestSuite" name="clickSignIn" time="0.150"/>
  <system-out/>
  <testcase classname="dsalgoproject.DataStructureTestSuite" name="loginUserPositiveTest" time="2.189"/>
  <system-out/>
</testsuite> <!-- dsalgoproject.DataStructureTestSuite -->
