<?xml version="1.0" encoding="UTF-8"?>
<!-- Generated by org.testng.reporters.JUnitReportReporter -->
<testsuite hostname="Preet-PC" failures="0" tests="7" name="pom.pageFactory.testRunner.GraphTest_POM" time="10.949" errors="0" timestamp="2023-05-30T14:05:31 IST" skipped="0">
  <testcase classname="pom.pageFactory.testRunner.GraphTest_POM" name="instantiateDriver" time="0.005"/>
  <system-out/>
  <testcase classname="pom.pageFactory.testRunner.GraphTest_POM" name="click_graph_link" time="2.498"/>
  <system-out/>
  <testcase classname="pom.pageFactory.testRunner.GraphTest_POM" name="click_graphLink_wrongText" time="2.989"/>
  <system-out/>
  <testcase classname="pom.pageFactory.testRunner.GraphTest_POM" name="click_graph_representation" time="3.238"/>
  <system-out/>
  <testcase classname="pom.pageFactory.testRunner.GraphTest_POM" name="click_graph_practice_questions" time="0.691"/>
  <system-out/>
  <testcase classname="pom.pageFactory.testRunner.GraphTest_POM" name="graphPage_ClickSignOut" time="0.778"/>
  <system-out/>
  <testcase classname="pom.pageFactory.testRunner.GraphTest_POM" name="closeDriver" time="0.750"/>
  <system-out/>
</testsuite> <!-- pom.pageFactory.testRunner.GraphTest_POM -->
