<?xml version="1.0" encoding="UTF-8"?>
<!-- Generated by org.testng.reporters.JUnitReportReporter -->
<testsuite hostname="Preet-PC" failures="0" tests="10" name="pom.pageFactory.testRunner.LinkedListTest_POM" time="20.855" errors="0" timestamp="2023-05-31T19:15:20 IST" skipped="0">
  <testcase classname="pom.pageFactory.testRunner.LinkedListTest_POM" name="OpenHomeURL" time="0.014"/>
  <system-out/>
  <testcase classname="pom.pageFactory.testRunner.LinkedListTest_POM" name="introduction" time="2.762"/>
  <system-out/>
  <testcase classname="pom.pageFactory.testRunner.LinkedListTest_POM" name="create_LinkedList" time="2.857"/>
  <system-out/>
  <testcase classname="pom.pageFactory.testRunner.LinkedListTest_POM" name="typeOfLinkedList" time="3.159"/>
  <system-out/>
  <testcase classname="pom.pageFactory.testRunner.LinkedListTest_POM" name="implementLLInPython" time="2.661"/>
  <system-out/>
  <testcase classname="pom.pageFactory.testRunner.LinkedListTest_POM" name="traversal" time="2.550"/>
  <system-out/>
  <testcase classname="pom.pageFactory.testRunner.LinkedListTest_POM" name="deletion" time="2.582"/>
  <system-out/>
  <testcase classname="pom.pageFactory.testRunner.LinkedListTest_POM" name="insertion" time="2.646"/>
  <system-out/>
  <testcase classname="pom.pageFactory.testRunner.LinkedListTest_POM" name="LinkedList_PracticeQuestionsLink" time="0.666"/>
  <system-out/>
  <testcase classname="pom.pageFactory.testRunner.LinkedListTest_POM" name="LinkedList_DropDown_LL" time="0.958"/>
  <system-out/>
</testsuite> <!-- pom.pageFactory.testRunner.LinkedListTest_POM -->
