<?xml version="1.0" encoding="UTF-8"?>
<!-- Generated by org.testng.reporters.JUnitReportReporter -->
<testsuite hostname="Harpreets-MacBook-Air.local" failures="0" tests="4" name="pom.pageFactory.testRunner.LoginTest_POM" time="6.114" errors="0" timestamp="2023-05-17T10:28:24 IST" skipped="0">
  <testcase classname="pom.pageFactory.testRunner.LoginTest_POM" name="OpenHomeURL" time="0.007"/>
  <system-out/>
  <testcase classname="pom.pageFactory.testRunner.LoginTest_POM" name="ClickSignInLink" time="1.423"/>
  <system-out/>
  <testcase classname="pom.pageFactory.testRunner.LoginTest_POM" name="LoginNegativeTest" time="2.697"/>
  <system-out/>
  <testcase classname="pom.pageFactory.testRunner.LoginTest_POM" name="UserPositiveTest" time="1.987"/>
  <system-out/>
</testsuite> <!-- pom.pageFactory.testRunner.LoginTest_POM -->
