<?xml version="1.0" encoding="UTF-8"?>
<!-- Generated by org.testng.reporters.JUnitReportReporter -->
<testsuite hostname="Preet-PC" failures="0" tests="5" name="pom.pageFactory.testRunner.DataStructureTest_POM" time="8.509" errors="0" timestamp="2023-05-30T14:05:31 IST" skipped="0">
  <testcase classname="pom.pageFactory.testRunner.DataStructureTest_POM" name="OpenHomeURL" time="0.012"/>
  <system-out/>
  <testcase classname="pom.pageFactory.testRunner.DataStructureTest_POM" name="ClickDSLinkOnHomePage" time="0.824"/>
  <system-out/>
  <testcase classname="pom.pageFactory.testRunner.DataStructureTest_POM" name="DataStructureSmokeTest_TimeComplexity" time="5.609"/>
  <system-out/>
  <testcase classname="pom.pageFactory.testRunner.DataStructureTest_POM" name="DataStructureSmokeTest_PracticeQuestion" time="0.633"/>
  <system-out/>
  <testcase classname="pom.pageFactory.testRunner.DataStructureTest_POM" name="DataStructureSmokeTest_Dropdown" time="1.431"/>
  <system-out/>
</testsuite> <!-- pom.pageFactory.testRunner.DataStructureTest_POM -->
