<?xml version="1.0" encoding="UTF-8"?>
<!-- Generated by org.testng.reporters.JUnitReportReporter -->
<testsuite hostname="Harpreets-MacBook-Air.local" failures="0" tests="7" name="pom.pageFactory.testRunner.GraphTest_POM" time="27.686" errors="0" timestamp="2023-05-17T10:28:24 IST" skipped="0">
  <testcase classname="pom.pageFactory.testRunner.GraphTest_POM" name="instantiateDriver" time="0.006"/>
  <system-out/>
  <testcase classname="pom.pageFactory.testRunner.GraphTest_POM" name="click_graph_link" time="7.530"/>
  <system-out/>
  <testcase classname="pom.pageFactory.testRunner.GraphTest_POM" name="click_graphLink_wrongText" time="8.168"/>
  <system-out/>
  <testcase classname="pom.pageFactory.testRunner.GraphTest_POM" name="click_graph_representation" time="8.428"/>
  <system-out/>
  <testcase classname="pom.pageFactory.testRunner.GraphTest_POM" name="click_graph_practice_questions" time="1.488"/>
  <system-out/>
  <testcase classname="pom.pageFactory.testRunner.GraphTest_POM" name="graphPage_ClickSignOut" time="1.621"/>
  <system-out/>
  <testcase classname="pom.pageFactory.testRunner.GraphTest_POM" name="closeDriver" time="0.445"/>
  <system-out/>
</testsuite> <!-- pom.pageFactory.testRunner.GraphTest_POM -->
