<?xml version="1.0" encoding="UTF-8"?>
<!-- Generated by org.testng.reporters.JUnitReportReporter -->
<testsuite hostname="Preet-PC" failures="0" tests="7" name="pom.pageFactory.testRunner.RegistrationTest_POM" time="14.828" errors="0" timestamp="2023-05-29T22:00:53 IST" skipped="0">
  <testcase classname="pom.pageFactory.testRunner.RegistrationTest_POM" name="OpenHomeURL" time="6.803"/>
  <system-out/>
  <testcase classname="pom.pageFactory.testRunner.RegistrationTest_POM" name="LoadAppHome" time="1.831"/>
  <system-out/>
  <testcase classname="pom.pageFactory.testRunner.RegistrationTest_POM" name="ClickGetStarted" time="1.657"/>
  <system-out/>
  <testcase classname="pom.pageFactory.testRunner.RegistrationTest_POM" name="ClickRegisterLink" time="1.044"/>
  <system-out/>
  <testcase classname="pom.pageFactory.testRunner.RegistrationTest_POM" name="registerUserNegativeTest" time="1.361"/>
  <system-out/>
  <testcase classname="pom.pageFactory.testRunner.RegistrationTest_POM" name="registerUserPositiveTest" time="1.298"/>
  <system-out/>
  <testcase classname="pom.pageFactory.testRunner.RegistrationTest_POM" name="ClickSignOutLink" time="0.834"/>
  <system-out/>
</testsuite> <!-- pom.pageFactory.testRunner.RegistrationTest_POM -->
