<?xml version="1.0" encoding="UTF-8"?>
<!-- Generated by org.testng.reporters.JUnitReportReporter -->
<testsuite hostname="Harpreets-MacBook-Air.local" failures="0" tests="10" name="pom.pageFactory.testRunner.LinkedListTest_POM" time="48.948" errors="0" timestamp="2023-05-17T10:28:24 IST" skipped="0">
  <testcase classname="pom.pageFactory.testRunner.LinkedListTest_POM" name="OpenHomeURL" time="0.005"/>
  <system-out/>
  <testcase classname="pom.pageFactory.testRunner.LinkedListTest_POM" name="introduction" time="6.653"/>
  <system-out/>
  <testcase classname="pom.pageFactory.testRunner.LinkedListTest_POM" name="create_LinkedList" time="6.305"/>
  <system-out/>
  <testcase classname="pom.pageFactory.testRunner.LinkedListTest_POM" name="typeOfLinkedList" time="6.789"/>
  <system-out/>
  <testcase classname="pom.pageFactory.testRunner.LinkedListTest_POM" name="implementLLInPython" time="6.383"/>
  <system-out/>
  <testcase classname="pom.pageFactory.testRunner.LinkedListTest_POM" name="traversal" time="5.912"/>
  <system-out/>
  <testcase classname="pom.pageFactory.testRunner.LinkedListTest_POM" name="insertion" time="6.976"/>
  <system-out/>
  <testcase classname="pom.pageFactory.testRunner.LinkedListTest_POM" name="deletion" time="6.665"/>
  <system-out/>
  <testcase classname="pom.pageFactory.testRunner.LinkedListTest_POM" name="LinkedList_PracticeQuestionsLink" time="1.466"/>
  <system-out/>
  <testcase classname="pom.pageFactory.testRunner.LinkedListTest_POM" name="LinkedList_DropDown_LL" time="1.794"/>
  <system-out/>
</testsuite> <!-- pom.pageFactory.testRunner.LinkedListTest_POM -->
