<?xml version="1.0" encoding="UTF-8"?>
<!-- Generated by org.testng.reporters.JUnitReportReporter -->
<testsuite hostname="Compatible" failures="0" tests="1" name="pom.testRunner.DataStructureTest_POM" time="30.034" errors="0" timestamp="2023-04-25T21:52:56 CDT" skipped="0">
  <testcase classname="pom.testRunner.DataStructureTest_POM" name="RegisterUserNegativeTest" time="30.034"/>
  <system-out/>
</testsuite> <!-- pom.testRunner.DataStructureTest_POM -->
