<?xml version="1.0" encoding="UTF-8"?>
<!-- Generated by org.testng.reporters.JUnitReportReporter -->
<testsuite hostname="Divit-PC" failures="0" tests="15" name="pom.pageFactory.testRunner.TreeTest_POM" time="66.404" errors="0" timestamp="2023-05-19T15:48:41 IST" skipped="0">
  <testcase classname="pom.pageFactory.testRunner.TreeTest_POM" name="OpenHomeURL" time="0.009"/>
  <system-out/>
  <testcase classname="pom.pageFactory.testRunner.TreeTest_POM" name="click_OverviewOfTrees" time="2.252"/>
  <system-out/>
  <testcase classname="pom.pageFactory.testRunner.TreeTest_POM" name="click_Terminolgies" time="2.257"/>
  <system-out/>
  <testcase classname="pom.pageFactory.testRunner.TreeTest_POM" name="click_TypesOfTrees" time="11.629"/>
  <system-out/>
  <testcase classname="pom.pageFactory.testRunner.TreeTest_POM" name="click_TreeTraversals" time="3.287"/>
  <system-out/>
  <testcase classname="pom.pageFactory.testRunner.TreeTest_POM" name="click_TraversalIllustration" time="11.157"/>
  <system-out/>
  <testcase classname="pom.pageFactory.testRunner.TreeTest_POM" name="click_TypesOfBinaryTrees" time="4.987"/>
  <system-out/>
  <testcase classname="pom.pageFactory.testRunner.TreeTest_POM" name="click_ImpInPython" time="2.312"/>
  <system-out/>
  <testcase classname="pom.pageFactory.testRunner.TreeTest_POM" name="click_BinaryTreeTravesals" time="2.670"/>
  <system-out/>
  <testcase classname="pom.pageFactory.testRunner.TreeTest_POM" name="click_ImpOfBinaryTrees" time="5.151"/>
  <system-out/>
  <testcase classname="pom.pageFactory.testRunner.TreeTest_POM" name="click_AppOfBinaryTrees" time="2.456"/>
  <system-out/>
  <testcase classname="pom.pageFactory.testRunner.TreeTest_POM" name="click_BinarySearchTrees" time="4.901"/>
  <system-out/>
  <testcase classname="pom.pageFactory.testRunner.TreeTest_POM" name="click_ImpOfBST" time="10.119"/>
  <system-out/>
  <testcase classname="pom.pageFactory.testRunner.TreeTest_POM" name="tree_PracticeQuestionsLink" time="0.686"/>
  <system-out/>
  <testcase classname="pom.pageFactory.testRunner.TreeTest_POM" name="tree_Dropdown" time="2.531"/>
  <system-out/>
</testsuite> <!-- pom.pageFactory.testRunner.TreeTest_POM -->
