<?xml version="1.0" encoding="UTF-8"?>
<!-- Generated by org.testng.reporters.JUnitReportReporter -->
<testsuite hostname="Preet-PC" failures="0" tests="12" name="pom.pageFactory.testRunner.ArrayTest_POM" time="21.577" errors="0" timestamp="2023-05-30T14:05:31 IST" skipped="0">
  <testcase classname="pom.pageFactory.testRunner.ArrayTest_POM" name="OpenHomeURL" time="0.014"/>
  <system-out/>
  <testcase classname="pom.pageFactory.testRunner.ArrayTest_POM" name="ArrayPage_WrongInput" time="4.227"/>
  <system-out/>
  <testcase classname="pom.pageFactory.testRunner.ArrayTest_POM" name="ArrayPage_ArraysInPython" time="0.900"/>
  <system-out/>
  <testcase classname="pom.pageFactory.testRunner.ArrayTest_POM" name="ArrayPage_ArraysUsingList" time="2.776"/>
  <system-out/>
  <testcase classname="pom.pageFactory.testRunner.ArrayTest_POM" name="ArrayPage_BasicOperations" time="2.784"/>
  <system-out/>
  <testcase classname="pom.pageFactory.testRunner.ArrayTest_POM" name="ArrayPage_ApplicationsOfArrays" time="2.679"/>
  <system-out/>
  <testcase classname="pom.pageFactory.testRunner.ArrayTest_POM" name="ArrayPage_PracticeQuestionsLink" time="0.543"/>
  <system-out/>
  <testcase classname="pom.pageFactory.testRunner.ArrayTest_POM" name="ArrayPage_PracticeQuestion1" time="1.597"/>
  <system-out/>
  <testcase classname="pom.pageFactory.testRunner.ArrayTest_POM" name="ArrayPage_PracticeQuestion2" time="1.675"/>
  <system-out/>
  <testcase classname="pom.pageFactory.testRunner.ArrayTest_POM" name="ArrayPage_PracticeQuestion3" time="1.448"/>
  <system-out/>
  <testcase classname="pom.pageFactory.testRunner.ArrayTest_POM" name="ArrayPage_PracticeQuestion4" time="1.598"/>
  <system-out/>
  <testcase classname="pom.pageFactory.testRunner.ArrayTest_POM" name="ArrayPage_DropDown_LL" time="1.336"/>
  <system-out/>
</testsuite> <!-- pom.pageFactory.testRunner.ArrayTest_POM -->
