<?xml version="1.0" encoding="UTF-8"?>
<!-- Generated by org.testng.reporters.JUnitReportReporter -->
<testsuite hostname="Preet-PC" failures="0" tests="12" name="pom.pageFactory.testRunner.ArrayTest_POM" time="21.591" errors="0" timestamp="2023-05-31T19:15:20 IST" skipped="0">
  <testcase classname="pom.pageFactory.testRunner.ArrayTest_POM" name="OpenHomeURL" time="0.007"/>
  <system-out/>
  <testcase classname="pom.pageFactory.testRunner.ArrayTest_POM" name="ArrayPage_WrongInput" time="3.761"/>
  <system-out/>
  <testcase classname="pom.pageFactory.testRunner.ArrayTest_POM" name="ArrayPage_ArraysInPython" time="0.663"/>
  <system-out/>
  <testcase classname="pom.pageFactory.testRunner.ArrayTest_POM" name="ArrayPage_ArraysUsingList" time="2.647"/>
  <system-out/>
  <testcase classname="pom.pageFactory.testRunner.ArrayTest_POM" name="ArrayPage_BasicOperations" time="2.780"/>
  <system-out/>
  <testcase classname="pom.pageFactory.testRunner.ArrayTest_POM" name="ArrayPage_ApplicationsOfArrays" time="2.686"/>
  <system-out/>
  <testcase classname="pom.pageFactory.testRunner.ArrayTest_POM" name="ArrayPage_PracticeQuestionsLink" time="0.613"/>
  <system-out/>
  <testcase classname="pom.pageFactory.testRunner.ArrayTest_POM" name="ArrayPage_PracticeQuestion1" time="1.765"/>
  <system-out/>
  <testcase classname="pom.pageFactory.testRunner.ArrayTest_POM" name="ArrayPage_PracticeQuestion2" time="1.498"/>
  <system-out/>
  <testcase classname="pom.pageFactory.testRunner.ArrayTest_POM" name="ArrayPage_PracticeQuestion3" time="1.776"/>
  <system-out/>
  <testcase classname="pom.pageFactory.testRunner.ArrayTest_POM" name="ArrayPage_PracticeQuestion4" time="2.190"/>
  <system-out/>
  <testcase classname="pom.pageFactory.testRunner.ArrayTest_POM" name="ArrayPage_DropDown_LL" time="1.205"/>
  <system-out/>
</testsuite> <!-- pom.pageFactory.testRunner.ArrayTest_POM -->
