<?xml version="1.0" encoding="UTF-8"?>
<!-- Generated by org.testng.reporters.JUnitReportReporter -->
<testsuite hostname="Compatible" failures="0" tests="3" name="dsalgoproject.Tree" time="225.811" errors="0" timestamp="2023-04-26T11:29:10 CDT" skipped="0">
  <testcase classname="dsalgoproject.Tree" name="clickGetStarted" time="4.698"/>
  <system-out/>
  <testcase classname="dsalgoproject.Tree" name="loginUserPositiveTest" time="216.947"/>
  <system-out/>
  <testcase classname="dsalgoproject.Tree" name="clickSignIn" time="4.166"/>
  <system-out/>
</testsuite> <!-- dsalgoproject.Tree -->
