<?xml version="1.0" encoding="UTF-8"?>
<!-- Generated by org.testng.reporters.JUnitReportReporter -->
<testsuite hostname="Compatible" failures="0" tests="2" name="pom.testRunner.RegistrationTest_POM" time="21.346" errors="0" timestamp="2023-04-25T20:15:49 CDT" skipped="0">
  <testcase classname="pom.testRunner.RegistrationTest_POM" name="RegisterUserNegativeTest" time="10.639"/>
  <system-out/>
  <testcase classname="pom.testRunner.RegistrationTest_POM" name="UserPositiveTest" time="10.707"/>
  <system-out/>
</testsuite> <!-- pom.testRunner.RegistrationTest_POM -->
