<?xml version="1.0" encoding="UTF-8"?>
<!-- Generated by org.testng.reporters.JUnitReportReporter -->
<testsuite hostname="Divit-PC" failures="0" tests="6" name="pom.pageFactory.testRunner.StackTest_POM" time="9.157" errors="0" timestamp="2023-05-19T15:48:41 IST" skipped="0">
  <testcase classname="pom.pageFactory.testRunner.StackTest_POM" name="OpenHomeURL" time="0.011"/>
  <system-out/>
  <testcase classname="pom.pageFactory.testRunner.StackTest_POM" name="operations_in_stack" time="3.927"/>
  <system-out/>
  <testcase classname="pom.pageFactory.testRunner.StackTest_POM" name="implementation_stack" time="1.893"/>
  <system-out/>
  <testcase classname="pom.pageFactory.testRunner.StackTest_POM" name="application_stack" time="1.842"/>
  <system-out/>
  <testcase classname="pom.pageFactory.testRunner.StackTest_POM" name="stack_PracticeQuestionsLink" time="0.575"/>
  <system-out/>
  <testcase classname="pom.pageFactory.testRunner.StackTest_POM" name="stack_DropDown" time="0.909"/>
  <system-out/>
</testsuite> <!-- pom.pageFactory.testRunner.StackTest_POM -->
