<?xml version="1.0" encoding="UTF-8"?>
<!-- Generated by org.testng.reporters.JUnitReportReporter -->
<testsuite hostname="Compatible" failures="0" tests="3" name="dsalgoproject.LinkedList" time="57.706" errors="0" timestamp="2023-04-26T11:13:44 CDT" skipped="0">
  <testcase classname="dsalgoproject.LinkedList" name="clickGetStarted" time="4.705"/>
  <system-out/>
  <testcase classname="dsalgoproject.LinkedList" name="clickSignIn" time="4.132"/>
  <system-out/>
  <testcase classname="dsalgoproject.LinkedList" name="loginUserPositiveTest" time="48.869"/>
  <system-out/>
</testsuite> <!-- dsalgoproject.LinkedList -->
