<?xml version="1.0" encoding="UTF-8"?>
<!-- Generated by org.testng.reporters.JUnitReportReporter -->
<testsuite hostname="Preet-PC" failures="0" tests="6" name="pom.pageFactory.testRunner.StackTest_POM" time="9.604" errors="0" timestamp="2023-05-20T16:04:05 IST" skipped="0">
  <testcase classname="pom.pageFactory.testRunner.StackTest_POM" name="OpenHomeURL" time="0.014"/>
  <system-out/>
  <testcase classname="pom.pageFactory.testRunner.StackTest_POM" name="operations_in_stack" time="3.734"/>
  <system-out/>
  <testcase classname="pom.pageFactory.testRunner.StackTest_POM" name="implementation_stack" time="2.119"/>
  <system-out/>
  <testcase classname="pom.pageFactory.testRunner.StackTest_POM" name="application_stack" time="2.185"/>
  <system-out/>
  <testcase classname="pom.pageFactory.testRunner.StackTest_POM" name="stack_PracticeQuestionsLink" time="0.628"/>
  <system-out/>
  <testcase classname="pom.pageFactory.testRunner.StackTest_POM" name="stack_DropDown" time="0.924"/>
  <system-out/>
</testsuite> <!-- pom.pageFactory.testRunner.StackTest_POM -->
