<?xml version="1.0" encoding="UTF-8"?>
<!-- Generated by org.testng.reporters.JUnitReportReporter -->
<testsuite hostname="Harpreets-MacBook-Air.local" failures="0" tests="5" name="pom.pageFactory.testRunner.DataStructureTest_POM" time="16.313" errors="0" timestamp="2023-05-17T10:28:24 IST" skipped="0">
  <testcase classname="pom.pageFactory.testRunner.DataStructureTest_POM" name="OpenHomeURL" time="0.008"/>
  <system-out/>
  <testcase classname="pom.pageFactory.testRunner.DataStructureTest_POM" name="ClickDSLinkOnHomePage" time="0.779"/>
  <system-out/>
  <testcase classname="pom.pageFactory.testRunner.DataStructureTest_POM" name="DataStructureSmokeTest_TimeComplexity" time="9.747"/>
  <system-out/>
  <testcase classname="pom.pageFactory.testRunner.DataStructureTest_POM" name="DataStructureSmokeTest_PracticeQuestion" time="1.436"/>
  <system-out/>
  <testcase classname="pom.pageFactory.testRunner.DataStructureTest_POM" name="DataStructureSmokeTest_Dropdown" time="4.343"/>
  <system-out/>
</testsuite> <!-- pom.pageFactory.testRunner.DataStructureTest_POM -->
