<?xml version="1.0" encoding="UTF-8"?>
<!-- Generated by org.testng.reporters.JUnitReportReporter -->
<testsuite hostname="Compatible" failures="0" tests="3" name="dsalgoproject.QueueTestSuite" time="55.835" errors="0" timestamp="2023-04-26T12:34:26 CDT" skipped="0">
  <testcase classname="dsalgoproject.QueueTestSuite" name="clickGetStarted" time="4.726"/>
  <system-out/>
  <testcase classname="dsalgoproject.QueueTestSuite" name="clickSignIn" time="2.144"/>
  <system-out/>
  <testcase classname="dsalgoproject.QueueTestSuite" name="loginUserPositiveTest" time="48.965"/>
  <system-out/>
</testsuite> <!-- dsalgoproject.QueueTestSuite -->
