<?xml version="1.0" encoding="UTF-8"?>
<!-- Generated by org.testng.reporters.JUnitReportReporter -->
<testsuite hostname="Compatible" failures="0" tests="3" name="dsalgoproject.StackTestSuite" time="47.388" errors="0" timestamp="2023-04-26T11:50:49 CDT" skipped="0">
  <testcase classname="dsalgoproject.StackTestSuite" name="clickGetStarted" time="4.673"/>
  <system-out/>
  <testcase classname="dsalgoproject.StackTestSuite" name="clickSignIn" time="2.146"/>
  <system-out/>
  <testcase classname="dsalgoproject.StackTestSuite" name="loginUserPositiveTest" time="40.569"/>
  <system-out/>
</testsuite> <!-- dsalgoproject.StackTestSuite -->
