<?xml version="1.0" encoding="UTF-8"?>
<!-- Generated by org.testng.reporters.JUnitReportReporter -->
<testsuite hostname="Preet-PC" failures="0" tests="10" name="pom.pageFactory.testRunner.LinkedListTest_POM" time="21.881" errors="0" timestamp="2023-05-30T14:05:31 IST" skipped="0">
  <testcase classname="pom.pageFactory.testRunner.LinkedListTest_POM" name="OpenHomeURL" time="0.013"/>
  <system-out/>
  <testcase classname="pom.pageFactory.testRunner.LinkedListTest_POM" name="introduction" time="3.078"/>
  <system-out/>
  <testcase classname="pom.pageFactory.testRunner.LinkedListTest_POM" name="create_LinkedList" time="2.874"/>
  <system-out/>
  <testcase classname="pom.pageFactory.testRunner.LinkedListTest_POM" name="typeOfLinkedList" time="3.100"/>
  <system-out/>
  <testcase classname="pom.pageFactory.testRunner.LinkedListTest_POM" name="implementLLInPython" time="2.682"/>
  <system-out/>
  <testcase classname="pom.pageFactory.testRunner.LinkedListTest_POM" name="traversal" time="2.857"/>
  <system-out/>
  <testcase classname="pom.pageFactory.testRunner.LinkedListTest_POM" name="deletion" time="2.713"/>
  <system-out/>
  <testcase classname="pom.pageFactory.testRunner.LinkedListTest_POM" name="insertion" time="2.855"/>
  <system-out/>
  <testcase classname="pom.pageFactory.testRunner.LinkedListTest_POM" name="LinkedList_PracticeQuestionsLink" time="0.739"/>
  <system-out/>
  <testcase classname="pom.pageFactory.testRunner.LinkedListTest_POM" name="LinkedList_DropDown_LL" time="0.970"/>
  <system-out/>
</testsuite> <!-- pom.pageFactory.testRunner.LinkedListTest_POM -->
