<?xml version="1.0" encoding="UTF-8"?>
<!-- Generated by org.testng.reporters.JUnitReportReporter -->
<testsuite hostname="Preet-PC" failures="0" tests="4" name="pom.driverFactory.pageFactory.testRunner.RegistrationTest_POM" time="13.952" errors="0" timestamp="2023-05-29T22:24:02 IST" skipped="0">
  <testcase classname="pom.driverFactory.pageFactory.testRunner.RegistrationTest_POM" name="clickGetStarted" time="11.152"/>
  <system-out/>
  <testcase classname="pom.driverFactory.pageFactory.testRunner.RegistrationTest_POM" name="clickSignIn" time="0.576"/>
  <system-out/>
  <testcase classname="pom.driverFactory.pageFactory.testRunner.RegistrationTest_POM" name="registerUserError" time="0.893"/>
  <system-out/>
  <testcase classname="pom.driverFactory.pageFactory.testRunner.RegistrationTest_POM" name="registerUser" time="1.331"/>
  <system-out/>
</testsuite> <!-- pom.driverFactory.pageFactory.testRunner.RegistrationTest_POM -->
