<?xml version="1.0" encoding="UTF-8"?>
<!-- Generated by org.testng.reporters.JUnitReportReporter -->
<testsuite hostname="Preet-PC" failures="0" tests="5" name="pom.pageFactory.testRunner.DataStructureTest_POM" time="7.981" errors="0" timestamp="2023-05-31T19:15:20 IST" skipped="0">
  <testcase classname="pom.pageFactory.testRunner.DataStructureTest_POM" name="OpenHomeURL" time="0.013"/>
  <system-out/>
  <testcase classname="pom.pageFactory.testRunner.DataStructureTest_POM" name="ClickDSLinkOnHomePage" time="0.748"/>
  <system-out/>
  <testcase classname="pom.pageFactory.testRunner.DataStructureTest_POM" name="DataStructureSmokeTest_TimeComplexity" time="5.044"/>
  <system-out/>
  <testcase classname="pom.pageFactory.testRunner.DataStructureTest_POM" name="DataStructureSmokeTest_PracticeQuestion" time="0.826"/>
  <system-out/>
  <testcase classname="pom.pageFactory.testRunner.DataStructureTest_POM" name="DataStructureSmokeTest_Dropdown" time="1.350"/>
  <system-out/>
</testsuite> <!-- pom.pageFactory.testRunner.DataStructureTest_POM -->
