<?xml version="1.0" encoding="UTF-8"?>
<!-- Generated by org.testng.reporters.JUnitReportReporter -->
<testsuite hostname="Preet-PC" failures="0" tests="6" name="pom.pageFactory.testRunner.StackTest_POM" time="8.301" errors="0" timestamp="2023-05-24T15:22:36 IST" skipped="0">
  <testcase classname="pom.pageFactory.testRunner.StackTest_POM" name="OpenHomeURL" time="0.007"/>
  <system-out/>
  <testcase classname="pom.pageFactory.testRunner.StackTest_POM" name="operations_in_stack" time="2.535"/>
  <system-out/>
  <testcase classname="pom.pageFactory.testRunner.StackTest_POM" name="implementation_stack" time="2.127"/>
  <system-out/>
  <testcase classname="pom.pageFactory.testRunner.StackTest_POM" name="application_stack" time="2.167"/>
  <system-out/>
  <testcase classname="pom.pageFactory.testRunner.StackTest_POM" name="stack_PracticeQuestionsLink" time="0.543"/>
  <system-out/>
  <testcase classname="pom.pageFactory.testRunner.StackTest_POM" name="stack_DropDown" time="0.922"/>
  <system-out/>
</testsuite> <!-- pom.pageFactory.testRunner.StackTest_POM -->
