<?xml version="1.0" encoding="UTF-8"?>
<!-- Generated by org.testng.reporters.JUnitReportReporter -->
<testsuite hostname="Preet-PC" failures="0" tests="15" name="pom.pageFactory.testRunner.TreeTest_POM" time="36.593" errors="0" timestamp="2023-05-24T15:22:36 IST" skipped="0">
  <testcase classname="pom.pageFactory.testRunner.TreeTest_POM" name="OpenHomeURL" time="0.009"/>
  <system-out/>
  <testcase classname="pom.pageFactory.testRunner.TreeTest_POM" name="click_OverviewOfTrees" time="2.855"/>
  <system-out/>
  <testcase classname="pom.pageFactory.testRunner.TreeTest_POM" name="click_Terminolgies" time="2.689"/>
  <system-out/>
  <testcase classname="pom.pageFactory.testRunner.TreeTest_POM" name="click_TypesOfTrees" time="2.698"/>
  <system-out/>
  <testcase classname="pom.pageFactory.testRunner.TreeTest_POM" name="click_TreeTraversals" time="2.879"/>
  <system-out/>
  <testcase classname="pom.pageFactory.testRunner.TreeTest_POM" name="click_TraversalIllustration" time="2.586"/>
  <system-out/>
  <testcase classname="pom.pageFactory.testRunner.TreeTest_POM" name="click_TypesOfBinaryTrees" time="3.566"/>
  <system-out/>
  <testcase classname="pom.pageFactory.testRunner.TreeTest_POM" name="click_ImpInPython" time="2.620"/>
  <system-out/>
  <testcase classname="pom.pageFactory.testRunner.TreeTest_POM" name="click_BinaryTreeTravesals" time="2.940"/>
  <system-out/>
  <testcase classname="pom.pageFactory.testRunner.TreeTest_POM" name="click_ImpOfBinaryTrees" time="2.737"/>
  <system-out/>
  <testcase classname="pom.pageFactory.testRunner.TreeTest_POM" name="click_AppOfBinaryTrees" time="2.709"/>
  <system-out/>
  <testcase classname="pom.pageFactory.testRunner.TreeTest_POM" name="click_BinarySearchTrees" time="3.452"/>
  <system-out/>
  <testcase classname="pom.pageFactory.testRunner.TreeTest_POM" name="click_ImpOfBST" time="3.364"/>
  <system-out/>
  <testcase classname="pom.pageFactory.testRunner.TreeTest_POM" name="tree_PracticeQuestionsLink" time="0.594"/>
  <system-out/>
  <testcase classname="pom.pageFactory.testRunner.TreeTest_POM" name="tree_Dropdown" time="0.895"/>
  <system-out/>
</testsuite> <!-- pom.pageFactory.testRunner.TreeTest_POM -->
