<?xml version="1.0" encoding="UTF-8"?>
<!-- Generated by org.testng.reporters.JUnitReportReporter -->
<testsuite hostname="Compatible" failures="0" tests="1" name="pom.pageFactory.testRunner.LinkedList_POM" time="0.005" errors="1" timestamp="2023-05-02T13:38:04 CDT" skipped="0">
  <testcase classname="pom.pageFactory.testRunner.LinkedList_POM" name="LLPageSmokeTest" time="0.005">
    <error message="Unresolved compilation problems: 
	The method tryHereButton() is undefined for the type LinkedListPage
	ap cannot be resolved
	ap cannot be resolved
	ap cannot be resolved
	ap cannot be resolved
	ap cannot be resolved
	ap cannot be resolved
	ap cannot be resolved
	ap cannot be resolved
	ap cannot be resolved
	ap cannot be resolved
	ap cannot be resolved
	ap cannot be resolved
	ap cannot be resolved
	ap cannot be resolved
	ap cannot be resolved
	ap cannot be resolved
	ap cannot be resolved
	ap cannot be resolved
	ap cannot be resolved
	ap cannot be resolved
	ap cannot be resolved
	ap cannot be resolved
" type="java.lang.Error">
      <![CDATA[java.lang.Error: Unresolved compilation problems: 
The method tryHereButton() is undefined for the type LinkedListPage
ap cannot be resolved
ap cannot be resolved
ap cannot be resolved
ap cannot be resolved
ap cannot be resolved
ap cannot be resolved
ap cannot be resolved
ap cannot be resolved
ap cannot be resolved
ap cannot be resolved
ap cannot be resolved
ap cannot be resolved
ap cannot be resolved
ap cannot be resolved
ap cannot be resolved
ap cannot be resolved
ap cannot be resolved
ap cannot be resolved
ap cannot be resolved
ap cannot be resolved
ap cannot be resolved
ap cannot be resolved

at pom.pageFactory.testRunner.LinkedList_POM.LLPageSmokeTest(LinkedList_POM.java:60)
at java.base/jdk.internal.reflect.DirectMethodHandleAccessor.invoke(DirectMethodHandleAccessor.java:104)
at java.base/java.lang.reflect.Method.invoke(Method.java:578)
at org.testng.internal.invokers.MethodInvocationHelper.invokeMethod(MethodInvocationHelper.java:139)
at org.testng.internal.invokers.TestInvoker.invokeMethod(TestInvoker.java:677)
at org.testng.internal.invokers.TestInvoker.invokeTestMethod(TestInvoker.java:221)
at org.testng.internal.invokers.MethodRunner.runInSequence(MethodRunner.java:50)
at org.testng.internal.invokers.TestInvoker$MethodInvocationAgent.invoke(TestInvoker.java:969)
at org.testng.internal.invokers.TestInvoker.invokeTestMethods(TestInvoker.java:194)
at org.testng.internal.invokers.TestMethodWorker.invokeTestMethods(TestMethodWorker.java:148)
at org.testng.internal.invokers.TestMethodWorker.run(TestMethodWorker.java:128)
at java.base/java.util.ArrayList.forEach(ArrayList.java:1511)
at org.testng.TestRunner.privateRun(TestRunner.java:829)
at org.testng.TestRunner.run(TestRunner.java:602)
at org.testng.SuiteRunner.runTest(SuiteRunner.java:437)
at org.testng.SuiteRunner.runSequentially(SuiteRunner.java:431)
at org.testng.SuiteRunner.privateRun(SuiteRunner.java:391)
at org.testng.SuiteRunner.run(SuiteRunner.java:330)
at org.testng.SuiteRunnerWorker.runSuite(SuiteRunnerWorker.java:52)
at org.testng.SuiteRunnerWorker.run(SuiteRunnerWorker.java:95)
at org.testng.TestNG.runSuitesSequentially(TestNG.java:1256)
at org.testng.TestNG.runSuitesLocally(TestNG.java:1176)
at org.testng.TestNG.runSuites(TestNG.java:1099)
at org.testng.TestNG.run(TestNG.java:1067)
at org.testng.remote.AbstractRemoteTestNG.run(AbstractRemoteTestNG.java:115)
at org.testng.remote.RemoteTestNG.initAndRun(RemoteTestNG.java:251)
at org.testng.remote.RemoteTestNG.main(RemoteTestNG.java:77)
]]>
    </error>
  </testcase> <!-- LLPageSmokeTest -->
  <system-out/>
</testsuite> <!-- pom.pageFactory.testRunner.LinkedList_POM -->
