<?xml version="1.0" encoding="UTF-8"?>
<!-- Generated by org.testng.reporters.JUnitReportReporter -->
<testsuite hostname="Preet-PC" failures="0" tests="4" name="pom.driverFactory.pageFactory.testRunner.RegistrationTest_POM" time="17.997" errors="0" timestamp="2023-05-30T17:48:45 IST" skipped="0">
  <testcase classname="pom.driverFactory.pageFactory.testRunner.RegistrationTest_POM" name="clickGetStarted" time="14.812"/>
  <system-out/>
  <testcase classname="pom.driverFactory.pageFactory.testRunner.RegistrationTest_POM" name="clickSignIn" time="0.715"/>
  <system-out/>
  <testcase classname="pom.driverFactory.pageFactory.testRunner.RegistrationTest_POM" name="registerUserError" time="0.999"/>
  <system-out/>
  <testcase classname="pom.driverFactory.pageFactory.testRunner.RegistrationTest_POM" name="registerUser" time="1.471"/>
  <system-out/>
</testsuite> <!-- pom.driverFactory.pageFactory.testRunner.RegistrationTest_POM -->
