<?xml version="1.0" encoding="UTF-8"?>
<!-- Generated by org.testng.reporters.JUnitReportReporter -->
<testsuite hostname="Preet-PC" failures="0" tests="7" name="pom.pageFactory.testRunner.QueueTest_POM" time="12.186" errors="0" timestamp="2023-05-20T16:04:05 IST" skipped="0">
  <testcase classname="pom.pageFactory.testRunner.QueueTest_POM" name="OpenHomeURL" time="0.008"/>
  <system-out/>
  <testcase classname="pom.pageFactory.testRunner.QueueTest_POM" name="clickImplementationQueue" time="3.016"/>
  <system-out/>
  <testcase classname="pom.pageFactory.testRunner.QueueTest_POM" name="clickImplementationCollections" time="2.286"/>
  <system-out/>
  <testcase classname="pom.pageFactory.testRunner.QueueTest_POM" name="clickImplementationArray" time="2.415"/>
  <system-out/>
  <testcase classname="pom.pageFactory.testRunner.QueueTest_POM" name="clickQueueOperations" time="2.236"/>
  <system-out/>
  <testcase classname="pom.pageFactory.testRunner.QueueTest_POM" name="queue_PracticeQuestionsLink" time="0.711"/>
  <system-out/>
  <testcase classname="pom.pageFactory.testRunner.QueueTest_POM" name="queue_Dropdown" time="1.514"/>
  <system-out/>
</testsuite> <!-- pom.pageFactory.testRunner.QueueTest_POM -->
