<?xml version="1.0" encoding="UTF-8"?>
<!-- Generated by org.testng.reporters.JUnitReportReporter -->
<testsuite hostname="Compatible" failures="0" tests="4" name="dsalgoproject.LoginToPortal" time="9.512" errors="0" timestamp="2023-04-21T21:34:46 CDT" skipped="0">
  <testcase classname="dsalgoproject.LoginToPortal" name="clickGetStarted" time="2.679"/>
  <system-out/>
  <testcase classname="dsalgoproject.LoginToPortal" name="loginUserNegativeTest" time="3.275"/>
  <system-out/>
  <testcase classname="dsalgoproject.LoginToPortal" name="clickSignIn" time="1.140"/>
  <system-out/>
  <testcase classname="dsalgoproject.LoginToPortal" name="loginUserPositiveTest" time="2.418"/>
  <system-out/>
</testsuite> <!-- dsalgoproject.LoginToPortal -->
