<?xml version="1.0" encoding="UTF-8"?>
<!-- Generated by org.testng.reporters.JUnitReportReporter -->
<testsuite hostname="Preet-PC" failures="0" tests="4" name="pom.pageFactory.testRunner.LoginTest_POM" time="3.030" errors="0" timestamp="2023-05-20T16:04:05 IST" skipped="0">
  <testcase classname="pom.pageFactory.testRunner.LoginTest_POM" name="OpenHomeURL" time="0.016"/>
  <system-out/>
  <testcase classname="pom.pageFactory.testRunner.LoginTest_POM" name="ClickSignInLink" time="0.764"/>
  <system-out/>
  <testcase classname="pom.pageFactory.testRunner.LoginTest_POM" name="LoginNegativeTest" time="1.073"/>
  <system-out/>
  <testcase classname="pom.pageFactory.testRunner.LoginTest_POM" name="UserPositiveTest" time="1.177"/>
  <system-out/>
</testsuite> <!-- pom.pageFactory.testRunner.LoginTest_POM -->
