<?xml version="1.0" encoding="UTF-8"?>
<!-- Generated by org.testng.reporters.JUnitReportReporter -->
<testsuite hostname="Preet-PC" failures="0" tests="15" name="pom.pageFactory.testRunner.TreeTest_POM" time="41.898" errors="0" timestamp="2023-05-31T19:15:20 IST" skipped="0">
  <testcase classname="pom.pageFactory.testRunner.TreeTest_POM" name="OpenHomeURL" time="0.009"/>
  <system-out/>
  <testcase classname="pom.pageFactory.testRunner.TreeTest_POM" name="click_OverviewOfTrees" time="2.866"/>
  <system-out/>
  <testcase classname="pom.pageFactory.testRunner.TreeTest_POM" name="click_Terminolgies" time="2.744"/>
  <system-out/>
  <testcase classname="pom.pageFactory.testRunner.TreeTest_POM" name="click_TypesOfTrees" time="2.896"/>
  <system-out/>
  <testcase classname="pom.pageFactory.testRunner.TreeTest_POM" name="click_TreeTraversals" time="2.907"/>
  <system-out/>
  <testcase classname="pom.pageFactory.testRunner.TreeTest_POM" name="click_TraversalIllustration" time="3.289"/>
  <system-out/>
  <testcase classname="pom.pageFactory.testRunner.TreeTest_POM" name="click_TypesOfBinaryTrees" time="4.747"/>
  <system-out/>
  <testcase classname="pom.pageFactory.testRunner.TreeTest_POM" name="click_ImpInPython" time="3.246"/>
  <system-out/>
  <testcase classname="pom.pageFactory.testRunner.TreeTest_POM" name="click_BinaryTreeTravesals" time="3.132"/>
  <system-out/>
  <testcase classname="pom.pageFactory.testRunner.TreeTest_POM" name="click_ImpOfBinaryTrees" time="2.908"/>
  <system-out/>
  <testcase classname="pom.pageFactory.testRunner.TreeTest_POM" name="click_AppOfBinaryTrees" time="2.744"/>
  <system-out/>
  <testcase classname="pom.pageFactory.testRunner.TreeTest_POM" name="click_BinarySearchTrees" time="5.075"/>
  <system-out/>
  <testcase classname="pom.pageFactory.testRunner.TreeTest_POM" name="click_ImpOfBST" time="3.554"/>
  <system-out/>
  <testcase classname="pom.pageFactory.testRunner.TreeTest_POM" name="tree_PracticeQuestionsLink" time="0.726"/>
  <system-out/>
  <testcase classname="pom.pageFactory.testRunner.TreeTest_POM" name="tree_Dropdown" time="1.055"/>
  <system-out/>
</testsuite> <!-- pom.pageFactory.testRunner.TreeTest_POM -->
