<?xml version="1.0" encoding="UTF-8"?>
<!-- Generated by org.testng.reporters.JUnitReportReporter -->
<testsuite hostname="Preet-PC" failures="0" tests="15" name="pom.pageFactory.testRunner.TreeTest_POM" time="39.937" errors="0" timestamp="2023-05-30T14:05:31 IST" skipped="0">
  <testcase classname="pom.pageFactory.testRunner.TreeTest_POM" name="OpenHomeURL" time="0.012"/>
  <system-out/>
  <testcase classname="pom.pageFactory.testRunner.TreeTest_POM" name="click_OverviewOfTrees" time="3.149"/>
  <system-out/>
  <testcase classname="pom.pageFactory.testRunner.TreeTest_POM" name="click_Terminolgies" time="2.685"/>
  <system-out/>
  <testcase classname="pom.pageFactory.testRunner.TreeTest_POM" name="click_TypesOfTrees" time="2.670"/>
  <system-out/>
  <testcase classname="pom.pageFactory.testRunner.TreeTest_POM" name="click_TreeTraversals" time="3.013"/>
  <system-out/>
  <testcase classname="pom.pageFactory.testRunner.TreeTest_POM" name="click_TraversalIllustration" time="3.159"/>
  <system-out/>
  <testcase classname="pom.pageFactory.testRunner.TreeTest_POM" name="click_TypesOfBinaryTrees" time="3.655"/>
  <system-out/>
  <testcase classname="pom.pageFactory.testRunner.TreeTest_POM" name="click_ImpInPython" time="2.891"/>
  <system-out/>
  <testcase classname="pom.pageFactory.testRunner.TreeTest_POM" name="click_BinaryTreeTravesals" time="3.699"/>
  <system-out/>
  <testcase classname="pom.pageFactory.testRunner.TreeTest_POM" name="click_ImpOfBinaryTrees" time="2.904"/>
  <system-out/>
  <testcase classname="pom.pageFactory.testRunner.TreeTest_POM" name="click_AppOfBinaryTrees" time="2.886"/>
  <system-out/>
  <testcase classname="pom.pageFactory.testRunner.TreeTest_POM" name="click_BinarySearchTrees" time="3.600"/>
  <system-out/>
  <testcase classname="pom.pageFactory.testRunner.TreeTest_POM" name="click_ImpOfBST" time="3.949"/>
  <system-out/>
  <testcase classname="pom.pageFactory.testRunner.TreeTest_POM" name="tree_PracticeQuestionsLink" time="0.705"/>
  <system-out/>
  <testcase classname="pom.pageFactory.testRunner.TreeTest_POM" name="tree_Dropdown" time="0.960"/>
  <system-out/>
</testsuite> <!-- pom.pageFactory.testRunner.TreeTest_POM -->
