<?xml version="1.0" encoding="UTF-8"?>
<!-- Generated by org.testng.reporters.JUnitReportReporter -->
<testsuite hostname="Compatible" failures="0" tests="2" name="pom.testRunner.LoginTest_POM" time="19.396" errors="0" timestamp="2023-04-25T20:00:52 CDT" skipped="0">
  <testcase classname="pom.testRunner.LoginTest_POM" name="LoginNegativeTest" time="9.645"/>
  <system-out/>
  <testcase classname="pom.testRunner.LoginTest_POM" name="UserPositiveTest" time="9.751"/>
  <system-out/>
</testsuite> <!-- pom.testRunner.LoginTest_POM -->
