<?xml version="1.0" encoding="UTF-8"?>
<!-- Generated by org.testng.reporters.JUnitReportReporter -->
<testsuite hostname="Compatible" failures="0" tests="3" name="dsalgoproject.ArrayTestSuite" time="107.141" errors="0" timestamp="2023-04-25T15:47:56 CDT" skipped="0">
  <testcase classname="dsalgoproject.ArrayTestSuite" name="loginUserPositiveTest" time="98.167"/>
  <system-out/>
  <testcase classname="dsalgoproject.ArrayTestSuite" name="clickGetStarted" time="4.830"/>
  <system-out/>
  <testcase classname="dsalgoproject.ArrayTestSuite" name="clickSignIn" time="4.144"/>
  <system-out/>
</testsuite> <!-- dsalgoproject.ArrayTestSuite -->
