<?xml version="1.0" encoding="UTF-8"?>
<!-- Generated by org.testng.reporters.JUnitReportReporter -->
<testsuite hostname="Preet-PC" failures="0" tests="2" name="pom.driverFactory.pageFactory.testRunner.LoginTest_POM" time="6.039" errors="0" timestamp="2023-05-29T22:23:31 IST" skipped="0">
  <testcase classname="pom.driverFactory.pageFactory.testRunner.LoginTest_POM" name="LoginNegativeTest" time="2.968"/>
  <system-out/>
  <testcase classname="pom.driverFactory.pageFactory.testRunner.LoginTest_POM" name="UserPositiveTest" time="3.071"/>
  <system-out/>
</testsuite> <!-- pom.driverFactory.pageFactory.testRunner.LoginTest_POM -->
