<?xml version="1.0" encoding="UTF-8"?>
<!-- Generated by org.testng.reporters.JUnitReportReporter -->
<testsuite hostname="Preet-PC" failures="0" tests="4" name="pom.pageFactory.testRunner.LoginTest_POM" time="2.927" errors="0" timestamp="2023-05-30T14:05:31 IST" skipped="0">
  <testcase classname="pom.pageFactory.testRunner.LoginTest_POM" name="OpenHomeURL" time="0.007"/>
  <system-out/>
  <testcase classname="pom.pageFactory.testRunner.LoginTest_POM" name="ClickSignInLink" time="0.607"/>
  <system-out/>
  <testcase classname="pom.pageFactory.testRunner.LoginTest_POM" name="LoginNegativeTest" time="1.064"/>
  <system-out/>
  <testcase classname="pom.pageFactory.testRunner.LoginTest_POM" name="UserPositiveTest" time="1.249"/>
  <system-out/>
</testsuite> <!-- pom.pageFactory.testRunner.LoginTest_POM -->
