<?xml version="1.0" encoding="UTF-8"?>
<!-- Generated by org.testng.reporters.JUnitReportReporter -->
<testsuite hostname="Harpreets-MacBook-Air.local" failures="0" tests="6" name="pom.pageFactory.testRunner.StackTest_POM" time="20.447" errors="0" timestamp="2023-05-17T10:28:24 IST" skipped="0">
  <testcase classname="pom.pageFactory.testRunner.StackTest_POM" name="OpenHomeURL" time="0.004"/>
  <system-out/>
  <testcase classname="pom.pageFactory.testRunner.StackTest_POM" name="operations_in_stack" time="6.158"/>
  <system-out/>
  <testcase classname="pom.pageFactory.testRunner.StackTest_POM" name="implementation_stack" time="5.520"/>
  <system-out/>
  <testcase classname="pom.pageFactory.testRunner.StackTest_POM" name="application_stack" time="5.603"/>
  <system-out/>
  <testcase classname="pom.pageFactory.testRunner.StackTest_POM" name="stack_PracticeQuestionsLink" time="1.403"/>
  <system-out/>
  <testcase classname="pom.pageFactory.testRunner.StackTest_POM" name="stack_DropDown" time="1.759"/>
  <system-out/>
</testsuite> <!-- pom.pageFactory.testRunner.StackTest_POM -->
