<?xml version="1.0" encoding="UTF-8"?>
<!-- Generated by org.testng.reporters.JUnitReportReporter -->
<testsuite hostname="Preet-PC" failures="0" tests="6" name="pom.pageFactory.testRunner.LoginTest_POM" time="3.662" errors="0" timestamp="2023-05-31T19:15:20 IST" skipped="0">
  <testcase classname="pom.pageFactory.testRunner.LoginTest_POM" name="OpenHomeURL" time="0.008"/>
  <system-out/>
  <testcase classname="pom.pageFactory.testRunner.LoginTest_POM" name="ClickSignInLink" time="0.486"/>
  <system-out/>
  <testcase classname="pom.pageFactory.testRunner.LoginTest_POM" name="LoginNegativeTest" time="0.858"/>
  <system-out/>
  <testcase classname="pom.pageFactory.testRunner.LoginTest_POM" name="LoginNegativeTest2" time="0.415"/>
  <system-out/>
  <testcase classname="pom.pageFactory.testRunner.LoginTest_POM" name="LoginNegativeTest3" time="0.851"/>
  <system-out/>
  <testcase classname="pom.pageFactory.testRunner.LoginTest_POM" name="UserPositiveTest" time="1.044"/>
  <system-out/>
</testsuite> <!-- pom.pageFactory.testRunner.LoginTest_POM -->
